<?xml version="1.0" encoding="UTF-8"?>
<testsuite xmlns:xsi="http://www.w3.org/2001/XMLSchema-instance" xsi:noNamespaceSchemaLocation="https://maven.apache.org/surefire/maven-surefire-plugin/xsd/surefire-test-report.xsd" name="ba.unsa.etf.rpr.projekat.OptikaDAOTest" time="0.543" tests="13" errors="0" skipped="0" failures="0">
  <properties>
    <property name="sun.desktop" value="windows"/>
    <property name="awt.toolkit" value="sun.awt.windows.WToolkit"/>
    <property name="java.specification.version" value="11"/>
    <property name="sun.cpu.isalist" value="amd64"/>
    <property name="sun.jnu.encoding" value="Cp1252"/>
    <property name="java.class.path" value="C:\Users\nele_\.m2\repository\org\apache\maven\surefire\surefire-booter\2.22.1\surefire-booter-2.22.1.jar;C:\Users\nele_\.m2\repository\org\apache\maven\surefire\surefire-api\2.22.1\surefire-api-2.22.1.jar;C:\Users\nele_\.m2\repository\org\apache\maven\surefire\surefire-logger-api\2.22.1\surefire-logger-api-2.22.1.jar;C:\Users\nele_\Desktop\RPR-amina\rpr-projekat\target\test-classes;C:\Users\nele_\Desktop\RPR-amina\rpr-projekat\target\classes;C:\Users\nele_\.m2\repository\org\xerial\sqlite-jdbc\3.21.0\sqlite-jdbc-3.21.0.jar;C:\Users\nele_\.m2\repository\junit\junit\4.12\junit-4.12.jar;C:\Users\nele_\.m2\repository\org\hamcrest\hamcrest-core\1.3\hamcrest-core-1.3.jar;C:\Users\nele_\.m2\repository\org\junit\jupiter\junit-jupiter-api\5.3.0\junit-jupiter-api-5.3.0.jar;C:\Users\nele_\.m2\repository\org\apiguardian\apiguardian-api\1.0.0\apiguardian-api-1.0.0.jar;C:\Users\nele_\.m2\repository\org\opentest4j\opentest4j\1.1.0\opentest4j-1.1.0.jar;C:\Users\nele_\.m2\repository\org\junit\platform\junit-platform-commons\1.3.0\junit-platform-commons-1.3.0.jar;C:\Users\nele_\.m2\repository\org\junit\jupiter\junit-jupiter-engine\5.3.0\junit-jupiter-engine-5.3.0.jar;C:\Users\nele_\.m2\repository\org\junit\platform\junit-platform-engine\1.3.0\junit-platform-engine-1.3.0.jar;C:\Users\nele_\.m2\repository\org\apache\maven\surefire\surefire-junit-platform\2.22.1\surefire-junit-platform-2.22.1.jar;C:\Users\nele_\.m2\repository\org\junit\platform\junit-platform-launcher\1.3.1\junit-platform-launcher-1.3.1.jar"/>
    <property name="java.vm.vendor" value="JetBrains s.r.o"/>
    <property name="sun.arch.data.model" value="64"/>
    <property name="user.variant" value=""/>
    <property name="java.vendor.url" value="https://www.jetbrains.com/"/>
    <property name="user.timezone" value="Europe/Belgrade"/>
    <property name="user.country.format" value="US"/>
    <property name="java.vm.specification.version" value="11"/>
    <property name="os.name" value="Windows 10"/>
    <property name="sun.java.launcher" value="SUN_STANDARD"/>
    <property name="user.country" value="BA"/>
    <property name="sun.boot.library.path" value="C:\Program Files\JetBrains\IntelliJ IDEA 2019.2\jbr\bin"/>
    <property name="sun.java.command" value="org.apache.maven.surefire.booter.ForkedBooter C:\Users\nele_\AppData\Local\Temp\surefire4929671273653205623 2020-02-02T17-14-40_064-jvmRun1 surefire9873154244394867529tmp surefire_09620504631235998090tmp"/>
    <property name="jdk.debug" value="release"/>
    <property name="surefire.test.class.path" value="C:\Users\nele_\Desktop\RPR-amina\rpr-projekat\target\test-classes;C:\Users\nele_\Desktop\RPR-amina\rpr-projekat\target\classes;C:\Users\nele_\.m2\repository\org\xerial\sqlite-jdbc\3.21.0\sqlite-jdbc-3.21.0.jar;C:\Users\nele_\.m2\repository\junit\junit\4.12\junit-4.12.jar;C:\Users\nele_\.m2\repository\org\hamcrest\hamcrest-core\1.3\hamcrest-core-1.3.jar;C:\Users\nele_\.m2\repository\org\junit\jupiter\junit-jupiter-api\5.3.0\junit-jupiter-api-5.3.0.jar;C:\Users\nele_\.m2\repository\org\apiguardian\apiguardian-api\1.0.0\apiguardian-api-1.0.0.jar;C:\Users\nele_\.m2\repository\org\opentest4j\opentest4j\1.1.0\opentest4j-1.1.0.jar;C:\Users\nele_\.m2\repository\org\junit\platform\junit-platform-commons\1.3.0\junit-platform-commons-1.3.0.jar;C:\Users\nele_\.m2\repository\org\junit\jupiter\junit-jupiter-engine\5.3.0\junit-jupiter-engine-5.3.0.jar;C:\Users\nele_\.m2\repository\org\junit\platform\junit-platform-engine\1.3.0\junit-platform-engine-1.3.0.jar;"/>
    <property name="sun.cpu.endian" value="little"/>
    <property name="user.home" value="C:\Users\nele_"/>
    <property name="user.language" value="bs"/>
    <property name="java.specification.vendor" value="Oracle Corporation"/>
    <property name="java.version.date" value="2019-04-16"/>
    <property name="java.home" value="C:\Program Files\JetBrains\IntelliJ IDEA 2019.2\jbr"/>
    <property name="file.separator" value="\"/>
    <property name="basedir" value="C:\Users\nele_\Desktop\RPR-amina\rpr-projekat"/>
    <property name="java.vm.compressedOopsMode" value="32-bit"/>
    <property name="line.separator" value="&#10;"/>
    <property name="java.specification.name" value="Java Platform API Specification"/>
    <property name="java.vm.specification.vendor" value="Oracle Corporation"/>
    <property name="java.awt.graphicsenv" value="sun.awt.Win32GraphicsEnvironment"/>
    <property name="user.script" value="Latn"/>
    <property name="user.script.format" value=""/>
    <property name="sun.management.compiler" value="HotSpot 64-Bit Tiered Compilers"/>
    <property name="java.runtime.version" value="11.0.3+12-b304.10"/>
    <property name="user.name" value="nele_"/>
    <property name="path.separator" value=";"/>
    <property name="os.version" value="10.0"/>
    <property name="java.runtime.name" value="OpenJDK Runtime Environment"/>
    <property name="file.encoding" value="Cp1252"/>
    <property name="java.vm.name" value="OpenJDK 64-Bit Server VM"/>
    <property name="localRepository" value="C:\Users\nele_\.m2\repository"/>
    <property name="java.vendor.url.bug" value="https://youtrack.jetbrains.com"/>
    <property name="java.io.tmpdir" value="C:\Users\nele_\AppData\Local\Temp\"/>
    <property name="java.version" value="11.0.3"/>
    <property name="user.dir" value="C:\Users\nele_\Desktop\RPR-amina\rpr-projekat"/>
    <property name="os.arch" value="amd64"/>
    <property name="java.vm.specification.name" value="Java Virtual Machine Specification"/>
    <property name="java.awt.printerjob" value="sun.awt.windows.WPrinterJob"/>
    <property name="user.language.format" value="en"/>
    <property name="sun.os.patch.level" value=""/>
    <property name="idea.version2019.2" value="true"/>
    <property name="java.library.path" value="C:\Program Files\JetBrains\IntelliJ IDEA 2019.2\jbr\bin;C:\WINDOWS\Sun\Java\bin;C:\WINDOWS\system32;C:\WINDOWS;C:\Program Files\JetBrains\IntelliJ IDEA 2019.2\jbr\\bin;C:\Program Files\JetBrains\IntelliJ IDEA 2019.2\jbr\\bin\server;C:\Python27\;C:\Python27\Scripts;C:\Program Files (x86)\Common Files\Oracle\Java\javapath;C:\Program Files\Java\jdk-12.0.2\bin;C:\WINDOWS\system32;C:\WINDOWS;C:\WINDOWS\System32\Wbem;C:\WINDOWS\System32\WindowsPowerShell\v1.0\;C:\Program Files\dotnet\;C:\Program Files\Microsoft SQL Server\130\Tools\Binn\;C:\WINDOWS\System32\OpenSSH\;C:\Program Files\MiKTeX 2.9\miktex\bin\x64\;C:\Program Files\Git\cmd;C:\Galen;C:\chromedriver;C:\Program Files\MATLAB\MATLAB Production Server\R2015a\runtime\win64;C:\Program Files\MATLAB\MATLAB Production Server\R2015a\bin;C:\Program Files\MATLAB\MATLAB Production Server\R2015a\polyspace\bin;C:\Program Files\nodejs\;C:\ProgramData\chocolatey\bin;C:\Program Files\Microsoft SQL Server\Client SDK\ODBC\170\Tools\Binn\;C:\Program Files\Java\jdk-12.0.2\bin;C:\Users\nele_\AppData\Local\Programs\Microsoft VS Code\bin;C:\Users\nele_\AppData\Local\Microsoft\WindowsApps;C:\Program Files\JetBrains\IntelliJ IDEA 2019.2\bin;C:\Program Files\JetBrains\IntelliJ IDEA Community Edition 2019.1.3\bin;C:\Users\nele_\AppData\Local\GitHubDesktop\bin;C:\Program Files\JetBrains\CLion 2019.2.4\bin;;C:\Users\nele_\AppData\Roaming\npm;."/>
    <property name="java.vendor" value="JetBrains s.r.o"/>
    <property name="java.vm.info" value="mixed mode, sharing"/>
    <property name="java.vm.version" value="11.0.3+12-b304.10"/>
    <property name="sun.io.unicode.encoding" value="UnicodeLittle"/>
    <property name="java.class.version" value="55.0"/>
  </properties>
  <testcase name="getPasswordHash" classname="ba.unsa.etf.rpr.projekat.OptikaDAOTest" time="0.009"/>
  <testcase name="addShop" classname="ba.unsa.etf.rpr.projekat.OptikaDAOTest" time="0"/>
  <testcase name="getGlassesFromShop" classname="ba.unsa.etf.rpr.projekat.OptikaDAOTest" time="0.004"/>
  <testcase name="getEmployee" classname="ba.unsa.etf.rpr.projekat.OptikaDAOTest" time="0.001"/>
  <testcase name="deleteEmployee" classname="ba.unsa.etf.rpr.projekat.OptikaDAOTest" time="0"/>
  <testcase name="getAllShops" classname="ba.unsa.etf.rpr.projekat.OptikaDAOTest" time="0.001"/>
  <testcase name="deleteGlasses" classname="ba.unsa.etf.rpr.projekat.OptikaDAOTest" time="0"/>
  <testcase name="getShop" classname="ba.unsa.etf.rpr.projekat.OptikaDAOTest" time="0.001"/>
  <testcase name="addEmployee" classname="ba.unsa.etf.rpr.projekat.OptikaDAOTest" time="0.001"/>
  <testcase name="sellGlasses" classname="ba.unsa.etf.rpr.projekat.OptikaDAOTest" time="0.003"/>
  <testcase name="getAllEmployees" classname="ba.unsa.etf.rpr.projekat.OptikaDAOTest" time="0"/>
  <testcase name="deleteShop" classname="ba.unsa.etf.rpr.projekat.OptikaDAOTest" time="0"/>
  <testcase name="addGlasses" classname="ba.unsa.etf.rpr.projekat.OptikaDAOTest" time="0"/>
</testsuite>